Command line:
   keyGenerator_isim_beh.exe
     -simmode  gui
     -simrunnum  0
     -socket  60609

Sun Apr 29 20:39:25 2018


 Elaboration Time: 0.02 sec

 Current Memory Usage: 196.092 Meg

 Total Signals          : 17
 Total Nets             : 422
 Total Signal Drivers   : 9
 Total Blocks           : 4
 Total Primitive Blocks : 4
 Total Processes        : 6
 Total Traceable Variables  : 18
 Total Scalar Nets and Variables : 910
Total Line Count : 19

 Total Simulation Time: 0.04 sec

 Current Memory Usage: 271.593 Meg

Sun Apr 29 20:39:27 2018

