Release 14.7 - xst P.20131013 (lin64)
Copyright (c) 1995-2013 Xilinx, Inc.  All rights reserved.
--> 
Parameter TMPDIR set to xst/projnav.tmp


Total REAL time to Xst completion: 0.00 secs
Total CPU time to Xst completion: 0.04 secs
 
--> 
Parameter xsthdpdir set to xst


Total REAL time to Xst completion: 0.00 secs
Total CPU time to Xst completion: 0.04 secs
 
--> 
Reading design: Trivium_Generator_vvect.prj

TABLE OF CONTENTS
  1) Synthesis Options Summary
  2) HDL Parsing
  3) HDL Elaboration
  4) HDL Synthesis
       4.1) HDL Synthesis Report
  5) Advanced HDL Synthesis
       5.1) Advanced HDL Synthesis Report
  6) Low Level Synthesis
  7) Partition Report
  8) Design Summary
       8.1) Primitive and Black Box Usage
       8.2) Device utilization summary
       8.3) Partition Resource Summary
       8.4) Timing Report
            8.4.1) Clock Information
            8.4.2) Asynchronous Control Signals Information
            8.4.3) Timing Summary
            8.4.4) Timing Details
            8.4.5) Cross Clock Domains Report


=========================================================================
*                      Synthesis Options Summary                        *
=========================================================================
---- Source Parameters
Input File Name                    : "Trivium_Generator_vvect.prj"
Ignore Synthesis Constraint File   : NO

---- Target Parameters
Output File Name                   : "Trivium_Generator_vvect"
Output Format                      : NGC
Target Device                      : xc7z020-3-clg400

---- Source Options
Top Module Name                    : Trivium_Generator_vvect
Automatic FSM Extraction           : YES
FSM Encoding Algorithm             : Auto
Safe Implementation                : No
FSM Style                          : LUT
RAM Extraction                     : Yes
RAM Style                          : Auto
ROM Extraction                     : Yes
Shift Register Extraction          : YES
ROM Style                          : Auto
Resource Sharing                   : YES
Asynchronous To Synchronous        : NO
Shift Register Minimum Size        : 2
Use DSP Block                      : Auto
Automatic Register Balancing       : No

---- Target Options
LUT Combining                      : Auto
Reduce Control Sets                : Auto
Add IO Buffers                     : YES
Global Maximum Fanout              : 100000
Add Generic Clock Buffer(BUFG)     : 32
Register Duplication               : YES
Optimize Instantiated Primitives   : NO
Use Clock Enable                   : Auto
Use Synchronous Set                : Auto
Use Synchronous Reset              : Auto
Pack IO Registers into IOBs        : Auto
Equivalent register Removal        : YES

---- General Options
Optimization Goal                  : Speed
Optimization Effort                : 1
Power Reduction                    : NO
Keep Hierarchy                     : No
Netlist Hierarchy                  : As_Optimized
RTL Output                         : Yes
Global Optimization                : AllClockNets
Read Cores                         : YES
Write Timing Constraints           : NO
Cross Clock Analysis               : NO
Hierarchy Separator                : /
Bus Delimiter                      : <>
Case Specifier                     : Maintain
Slice Utilization Ratio            : 100
BRAM Utilization Ratio             : 100
DSP48 Utilization Ratio            : 100
Auto BRAM Packing                  : NO
Slice Utilization Ratio Delta      : 5

=========================================================================


=========================================================================
*                          HDL Parsing                                  *
=========================================================================
Parsing VHDL file "/tp/xph3app/xph3app604/Trivium/ProjetTrivium/synthese_trivium/Trivium/Trivium_Generator_vvect.vhd" into library work
Parsing entity <Trivium_Generator_vvect>.
Parsing architecture <Behavioral> of entity <trivium_generator_vvect>.

=========================================================================
*                            HDL Elaboration                            *
=========================================================================

Elaborating entity <Trivium_Generator_vvect> (architecture <Behavioral>) with generics from library <work>.
WARNING:HDLCompiler:89 - "/tp/xph3app/xph3app604/Trivium/ProjetTrivium/synthese_trivium/Trivium/Trivium_Generator_vvect.vhd" Line 79: <trivium_core> remains a black-box since it has no binding entity.

=========================================================================
*                           HDL Synthesis                               *
=========================================================================

Synthesizing Unit <Trivium_Generator_vvect>.
    Related source file is "/tp/xph3app/xph3app604/Trivium/ProjetTrivium/synthese_trivium/Trivium/Trivium_Generator_vvect.vhd".
        width = 8
    Found 2-bit register for signal <CORE_CNTRL>.
    Found 11-bit register for signal <INIT_COUNTER>.
    Found 1-bit register for signal <CIPHERTEXT_OUT>.
    Found 1-bit register for signal <CPHRTXT_RDY>.
    Found 3-bit register for signal <pr_state>.
    Found finite state machine <FSM_0> for signal <pr_state>.
    -----------------------------------------------------------------------
    | States             | 6                                              |
    | Transitions        | 7                                              |
    | Inputs             | 1                                              |
    | Outputs            | 9                                              |
    | Clock              | SYS_CLK (rising_edge)                          |
    | Reset              | RST (positive)                                 |
    | Reset type         | synchronous                                    |
    | Reset State        | reset_1                                        |
    | Power Up State     | reset_1                                        |
    | Encoding           | auto                                           |
    | Implementation     | LUT                                            |
    -----------------------------------------------------------------------
    Found 11-bit adder for signal <INIT_COUNTER[10]_GND_3_o_add_21_OUT> created at line 184.
    Summary:
	inferred   1 Adder/Subtractor(s).
	inferred  15 D-type flip-flop(s).
	inferred   2 Multiplexer(s).
	inferred   1 Finite State Machine(s).
Unit <Trivium_Generator_vvect> synthesized.

=========================================================================
HDL Synthesis Report

Macro Statistics
# Adders/Subtractors                                   : 1
 11-bit adder                                          : 1
# Registers                                            : 4
 1-bit register                                        : 2
 11-bit register                                       : 1
 2-bit register                                        : 1
# Multiplexers                                         : 2
 2-bit 2-to-1 multiplexer                              : 2
# FSMs                                                 : 1
# Xors                                                 : 1
 1-bit xor2                                            : 1

=========================================================================

=========================================================================
*                       Advanced HDL Synthesis                          *
=========================================================================


Synthesizing (advanced) Unit <Trivium_Generator_vvect>.
The following registers are absorbed into counter <INIT_COUNTER>: 1 register on signal <INIT_COUNTER>.
Unit <Trivium_Generator_vvect> synthesized (advanced).

=========================================================================
Advanced HDL Synthesis Report

Macro Statistics
# Counters                                             : 1
 11-bit up counter                                     : 1
# Registers                                            : 4
 Flip-Flops                                            : 4
# Multiplexers                                         : 2
 2-bit 2-to-1 multiplexer                              : 2
# FSMs                                                 : 1
# Xors                                                 : 1
 1-bit xor2                                            : 1

=========================================================================

=========================================================================
*                         Low Level Synthesis                           *
=========================================================================
Analyzing FSM <MFsm> for best encoding.
Optimizing FSM <FSM_0> on signal <pr_state[1:3]> with user encoding.
--------------------------
 State        | Encoding
--------------------------
 reset_1      | 000
 reset_2      | 001
 load_key_iv  | 010
 init_cycles  | 011
 output_prime | 100
 operational  | 101
--------------------------

Optimizing unit <Trivium_Generator_vvect> ...

Mapping all equations...
Building and optimizing final netlist ...
Found area constraint ratio of 100 (+ 5) on block Trivium_Generator_vvect, actual ratio is 0.

Final Macro Processing ...

=========================================================================
Final Register Report

Macro Statistics
# Registers                                            : 18
 Flip-Flops                                            : 18

=========================================================================

=========================================================================
*                           Partition Report                            *
=========================================================================

Partition Implementation Status
-------------------------------

  No Partitions were found in this design.

-------------------------------

=========================================================================
*                            Design Summary                             *
=========================================================================

Top Level Output File Name         : Trivium_Generator_vvect.ngc

Primitive and Black Box Usage:
------------------------------
# BELS                             : 47
#      GND                         : 1
#      INV                         : 2
#      LUT1                        : 10
#      LUT2                        : 3
#      LUT3                        : 1
#      LUT4                        : 2
#      LUT5                        : 1
#      LUT6                        : 5
#      MUXCY                       : 10
#      VCC                         : 1
#      XORCY                       : 11
# FlipFlops/Latches                : 18
#      FD                          : 1
#      FDR                         : 4
#      FDRE                        : 13
# Clock Buffers                    : 1
#      BUFGP                       : 1
# IO Buffers                       : 165
#      IBUF                        : 163
#      OBUF                        : 2
# Others                           : 1
#      TRIVIUM_CORE                : 1

Device utilization summary:
---------------------------

Selected Device : 7z020clg400-3 


Slice Logic Utilization: 
 Number of Slice Registers:              18  out of  106400     0%  
 Number of Slice LUTs:                   24  out of  53200     0%  
    Number used as Logic:                24  out of  53200     0%  

Slice Logic Distribution: 
 Number of LUT Flip Flop pairs used:     24
   Number with an unused Flip Flop:       6  out of     24    25%  
   Number with an unused LUT:             0  out of     24     0%  
   Number of fully used LUT-FF pairs:    18  out of     24    75%  
   Number of unique control sets:         5

IO Utilization: 
 Number of IOs:                         166
 Number of bonded IOBs:                 166  out of    125   132% (*) 

Specific Feature Utilization:
 Number of BUFG/BUFGCTRLs:                1  out of     32     3%  

WARNING:Xst:1336 -  (*) More than 100% of Device resources are used

---------------------------
Partition Resource Summary:
---------------------------

  No Partitions were found in this design.

---------------------------


=========================================================================
Timing Report

NOTE: THESE TIMING NUMBERS ARE ONLY A SYNTHESIS ESTIMATE.
      FOR ACCURATE TIMING INFORMATION PLEASE REFER TO THE TRACE REPORT
      GENERATED AFTER PLACE-and-ROUTE.

Clock Information:
------------------
-----------------------------------+------------------------+-------+
Clock Signal                       | Clock buffer(FF name)  | Load  |
-----------------------------------+------------------------+-------+
SYS_CLK                            | BUFGP                  | 18    |
-----------------------------------+------------------------+-------+

Asynchronous Control Signals Information:
----------------------------------------
No asynchronous control signals found in this design

Timing Summary:
---------------
Speed Grade: -3

   Minimum period: 1.291ns (Maximum Frequency: 774.533MHz)
   Minimum input arrival time before clock: 0.544ns
   Maximum output required time after clock: 0.515ns
   Maximum combinational path delay: 0.358ns

Timing Details:
---------------
All values displayed in nanoseconds (ns)

=========================================================================
Timing constraint: Default period analysis for Clock 'SYS_CLK'
  Clock period: 1.291ns (frequency: 774.533MHz)
  Total number of paths / destination ports: 173 / 45
-------------------------------------------------------------------------
Delay:               1.291ns (Levels of Logic = 2)
  Source:            pr_state_FSM_FFd2 (FF)
  Destination:       CPHRTXT_RDY (FF)
  Source Clock:      SYS_CLK rising
  Destination Clock: SYS_CLK rising

  Data Path: pr_state_FSM_FFd2 to CPHRTXT_RDY
                                Gate     Net
    Cell:in->out      fanout   Delay   Delay  Logical Name (Net Name)
    ----------------------------------------  ------------
     FDR:C->Q              6   0.232   0.366  pr_state_FSM_FFd2 (pr_state_FSM_FFd2)
     LUT2:I0->O           15   0.043   0.607  GND_3_o_GND_3_o_OR_15_o1 (GND_3_o_GND_3_o_OR_15_o)
     LUT5:I0->O            1   0.043   0.000  CPHRTXT_RDY_rstpot1 (CPHRTXT_RDY_rstpot1)
     FD:D                     -0.001          CPHRTXT_RDY
    ----------------------------------------
    Total                      1.291ns (0.318ns logic, 0.973ns route)
                                       (24.6% logic, 75.4% route)

=========================================================================
Timing constraint: Default OFFSET IN BEFORE for Clock 'SYS_CLK'
  Total number of paths / destination ports: 8 / 6
-------------------------------------------------------------------------
Offset:              0.544ns (Levels of Logic = 1)
  Source:            RST (PAD)
  Destination:       pr_state_FSM_FFd3 (FF)
  Destination Clock: SYS_CLK rising

  Data Path: RST to pr_state_FSM_FFd3
                                Gate     Net
    Cell:in->out      fanout   Delay   Delay  Logical Name (Net Name)
    ----------------------------------------  ------------
     IBUF:I->O             3   0.000   0.289  RST_IBUF (RST_IBUF)
     FDR:R                     0.255          pr_state_FSM_FFd3
    ----------------------------------------
    Total                      0.544ns (0.255ns logic, 0.289ns route)
                                       (46.9% logic, 53.1% route)

=========================================================================
Timing constraint: Default OFFSET OUT AFTER for Clock 'SYS_CLK'
  Total number of paths / destination ports: 4 / 4
-------------------------------------------------------------------------
Offset:              0.515ns (Levels of Logic = 1)
  Source:            CIPHERTEXT_OUT (FF)
  Destination:       CIPHERTEXT_OUT (PAD)
  Source Clock:      SYS_CLK rising

  Data Path: CIPHERTEXT_OUT to CIPHERTEXT_OUT
                                Gate     Net
    Cell:in->out      fanout   Delay   Delay  Logical Name (Net Name)
    ----------------------------------------  ------------
     FDR:C->Q              2   0.232   0.283  CIPHERTEXT_OUT (CIPHERTEXT_OUT_OBUF)
     OBUF:I->O                 0.000          CIPHERTEXT_OUT_OBUF (CIPHERTEXT_OUT)
    ----------------------------------------
    Total                      0.515ns (0.232ns logic, 0.283ns route)
                                       (45.0% logic, 55.0% route)

=========================================================================
Timing constraint: Default path analysis
  Total number of paths / destination ports: 161 / 161
-------------------------------------------------------------------------
Delay:               0.358ns (Levels of Logic = 1)
  Source:            SYS_CLK (PAD)
  Destination:       TRIV_CORE_GEN:SYS_CLK (PAD)

  Data Path: SYS_CLK to TRIV_CORE_GEN:SYS_CLK
                                Gate     Net
    Cell:in->out      fanout   Delay   Delay  Logical Name (Net Name)
    ----------------------------------------  ------------
     BUFGP:I->O           18   0.000   0.358  SYS_CLK_BUFGP (SYS_CLK_BUFGP)
    TRIVIUM_CORE:SYS_CLK        0.000          TRIV_CORE_GEN
    ----------------------------------------
    Total                      0.358ns (0.000ns logic, 0.358ns route)
                                       (0.0% logic, 100.0% route)

=========================================================================

Cross Clock Domains Report:
--------------------------

Clock to Setup on destination clock SYS_CLK
---------------+---------+---------+---------+---------+
               | Src:Rise| Src:Fall| Src:Rise| Src:Fall|
Source Clock   |Dest:Rise|Dest:Rise|Dest:Fall|Dest:Fall|
---------------+---------+---------+---------+---------+
SYS_CLK        |    1.291|         |         |         |
---------------+---------+---------+---------+---------+

=========================================================================


Total REAL time to Xst completion: 6.00 secs
Total CPU time to Xst completion: 5.70 secs
 
--> 


Total memory usage is 511516 kilobytes

Number of errors   :    0 (   0 filtered)
Number of warnings :    2 (   0 filtered)
Number of infos    :    0 (   0 filtered)

