ISim log file
Running: /home/mona/Documents/cryptoProc-FPGA/uart_tb_totale_isim_beh.exe -intstyle ise -gui -tclbatch isim.cmd -wdb /home/mona/Documents/cryptoProc-FPGA/uart_tb_totale_isim_beh.wdb 
ISim P.20131013 (signature 0xfbc00daa)
WARNING: A WEBPACK license was found.
WARNING: Please use Xilinx License Configuration Manager to check out a full ISim license.
WARNING: ISim will run in Lite mode. Please refer to the ISim documentation for more information on the differences between the Lite and the Full version.
This is a Lite version of ISim.
Time resolution is 1 ps
# onerror resume
# wave add /
# run 1000 ns
Simulator is doing circuit initialization process.
at 0 ps, Instance /uart_tb_totale/uut/U2/U1/ : Warning: NUMERIC_STD.">": metavalue detected, returning FALSE
at 0 ps, Instance /uart_tb_totale/uut/U2/U1/ : Warning: NUMERIC_STD."<": metavalue detected, returning FALSE
at 0 ps, Instance /uart_tb_totale/uut/U2/U1/ : Warning: NUMERIC_STD.TO_INTEGER: metavalue detected, returning 0
at 0 ps, Instance /uart_tb_totale/uut/U2/U1/ : Warning: NUMERIC_STD.TO_INTEGER: metavalue detected, returning 0
at 0 ps, Instance /uart_tb_totale/uut/U2/U3/ : Warning: NUMERIC_STD.TO_INTEGER: metavalue detected, returning 0
at 0 ps, Instance /uart_tb_totale/uut/U2/U4/ : Warning: NUMERIC_STD.TO_INTEGER: metavalue detected, returning 0
Finished circuit initialization process.
# restart
# run 10ms
Simulator is doing circuit initialization process.
at 0 ps, Instance /uart_tb_totale/uut/U2/U1/ : Warning: NUMERIC_STD.">": metavalue detected, returning FALSE
at 0 ps, Instance /uart_tb_totale/uut/U2/U1/ : Warning: NUMERIC_STD."<": metavalue detected, returning FALSE
at 0 ps, Instance /uart_tb_totale/uut/U2/U1/ : Warning: NUMERIC_STD.TO_INTEGER: metavalue detected, returning 0
at 0 ps, Instance /uart_tb_totale/uut/U2/U1/ : Warning: NUMERIC_STD.TO_INTEGER: metavalue detected, returning 0
at 0 ps, Instance /uart_tb_totale/uut/U2/U3/ : Warning: NUMERIC_STD.TO_INTEGER: metavalue detected, returning 0
at 0 ps, Instance /uart_tb_totale/uut/U2/U4/ : Warning: NUMERIC_STD.TO_INTEGER: metavalue detected, returning 0
Finished circuit initialization process.
# restart
# run 50ms
Simulator is doing circuit initialization process.
at 0 ps, Instance /uart_tb_totale/uut/U2/U1/ : Warning: NUMERIC_STD.">": metavalue detected, returning FALSE
at 0 ps, Instance /uart_tb_totale/uut/U2/U1/ : Warning: NUMERIC_STD."<": metavalue detected, returning FALSE
at 0 ps, Instance /uart_tb_totale/uut/U2/U1/ : Warning: NUMERIC_STD.TO_INTEGER: metavalue detected, returning 0
at 0 ps, Instance /uart_tb_totale/uut/U2/U1/ : Warning: NUMERIC_STD.TO_INTEGER: metavalue detected, returning 0
at 0 ps, Instance /uart_tb_totale/uut/U2/U3/ : Warning: NUMERIC_STD.TO_INTEGER: metavalue detected, returning 0
at 0 ps, Instance /uart_tb_totale/uut/U2/U4/ : Warning: NUMERIC_STD.TO_INTEGER: metavalue detected, returning 0
Finished circuit initialization process.
# exit 0
