Command line:
   Cipher_isim_beh.exe
     -simmode  gui
     -simrunnum  0
     -socket  35251

Sun Apr 29 20:42:09 2018


 Elaboration Time: 0.02 sec

 Current Memory Usage: 196.088 Meg

 Total Signals          : 11
 Total Nets             : 236
 Total Signal Drivers   : 6
 Total Blocks           : 4
 Total Primitive Blocks : 4
 Total Processes        : 6
 Total Traceable Variables  : 18
 Total Scalar Nets and Variables : 724
Total Line Count : 8

 Total Simulation Time: 0.03 sec

 Current Memory Usage: 271.589 Meg

Sun Apr 29 20:42:12 2018

