Command line:
   UART_TX_isim_beh.exe
     -simmode  gui
     -simrunnum  0
     -socket  41087

Sun Apr  1 21:15:16 2018


 Elaboration Time: 0.02 sec

 Current Memory Usage: 196.092 Meg

 Total Signals          : 13
 Total Nets             : 146
 Total Signal Drivers   : 10
 Total Blocks           : 4
 Total Primitive Blocks : 4
 Total Processes        : 2
 Total Traceable Variables  : 18
 Total Scalar Nets and Variables : 634
Total Line Count : 47

 Total Simulation Time: 0.02 sec

 Current Memory Usage: 271.593 Meg

Sun Apr  1 21:15:22 2018

