Command line:
   uart_tb_totale_isim_beh.exe
     -simmode  gui
     -simrunnum  0
     -socket  46003

Sun Apr 29 20:44:14 2018


 Elaboration Time: 0.02 sec

 Current Memory Usage: 198.967 Meg

 Total Signals          : 134
 Total Nets             : 3363
 Total Signal Drivers   : 60
 Total Blocks           : 14
 Total Primitive Blocks : 11
 Total Processes        : 28
 Total Traceable Variables  : 27
 Total Scalar Nets and Variables : 3941
Total Line Count : 273
Total Line Count : 273
Total Line Count : 273

 Total Simulation Time: 9.43 sec

 Current Memory Usage: 274.469 Meg

Sun Apr 29 20:45:00 2018

