Command line:
   msgRegister_isim_beh.exe
     -simmode  gui
     -simrunnum  0
     -socket  55917

Sun Apr 29 20:43:21 2018


 Elaboration Time: 0.01 sec

 Current Memory Usage: 196.088 Meg

 Total Signals          : 9
 Total Nets             : 261
 Total Signal Drivers   : 2
 Total Blocks           : 4
 Total Primitive Blocks : 4
 Total Processes        : 2
 Total Traceable Variables  : 18
 Total Scalar Nets and Variables : 749
Total Line Count : 8

 Total Simulation Time: 0.03 sec

 Current Memory Usage: 271.589 Meg

Sun Apr 29 20:43:27 2018

