Command line:
   FSM_isim_beh.exe
     -simmode  gui
     -simrunnum  0
     -socket  48051

Sun Apr 29 20:38:11 2018


 Elaboration Time: 0.02 sec

 Current Memory Usage: 196.092 Meg

 Total Signals          : 19
 Total Nets             : 39
 Total Signal Drivers   : 14
 Total Blocks           : 4
 Total Primitive Blocks : 4
 Total Processes        : 2
 Total Traceable Variables  : 22
 Total Scalar Nets and Variables : 551
Total Line Count : 75

 Total Simulation Time: 0.03 sec

 Current Memory Usage: 271.593 Meg

Sun Apr 29 20:38:22 2018

